TN:
SF:app\ClientProviders.jsx
FN:5,ClientProviders
FNF:1
FNH:0
FNDA:0,ClientProviders
DA:2,0
DA:3,0
DA:5,0
LF:3
LH:0
BRF:0
BRH:0
end_of_record
TN:
SF:app\layout.js
FN:13,RootLayout
FNF:1
FNH:1
FNDA:4,RootLayout
DA:2,1
DA:3,1
DA:4,1
DA:7,1
DA:13,4
LF:5
LH:5
BRF:0
BRH:0
end_of_record
TN:
SF:app\page.js
FN:3,Home
FNF:1
FNH:1
FNDA:2,Home
DA:1,1
DA:3,2
DA:4,2
LF:3
LH:3
BRF:0
BRH:0
end_of_record
TN:
SF:app\admin\page.jsx
FN:8,Admin
FN:14,(anonymous_3)
FN:18,(anonymous_4)
FN:34,(anonymous_5)
FN:38,(anonymous_6)
FN:64,(anonymous_7)
FN:90,(anonymous_8)
FN:191,(anonymous_9)
FN:217,(anonymous_10)
FN:224,(anonymous_11)
FNF:10
FNH:10
FNDA:15,Admin
FNDA:8,(anonymous_3)
FNDA:11,(anonymous_4)
FNDA:1,(anonymous_5)
FNDA:1,(anonymous_6)
FNDA:1,(anonymous_7)
FNDA:1,(anonymous_8)
FNDA:12,(anonymous_9)
FNDA:1,(anonymous_10)
FNDA:1,(anonymous_11)
DA:2,1
DA:3,1
DA:4,1
DA:5,1
DA:6,1
DA:8,8
DA:9,15
DA:10,15
DA:11,15
DA:12,15
DA:14,15
DA:15,8
DA:18,15
DA:19,11
DA:20,11
DA:21,9
DA:22,6
DA:23,6
DA:25,0
DA:28,4
DA:30,10
DA:34,15
DA:35,1
DA:38,15
DA:39,1
DA:40,1
DA:53,1
DA:54,1
DA:55,1
DA:57,0
DA:60,0
DA:64,15
DA:65,1
DA:66,1
DA:79,1
DA:80,1
DA:81,1
DA:83,0
DA:86,0
DA:90,15
DA:91,1
DA:92,1
DA:93,1
DA:97,1
DA:98,1
DA:99,1
DA:101,0
DA:104,0
DA:109,15
DA:117,7
DA:192,12
DA:217,1
DA:224,1
LF:53
LH:46
BRDA:21,0,0,6
BRDA:21,0,1,0
BRDA:53,1,0,1
BRDA:53,1,1,0
BRDA:79,2,0,1
BRDA:79,2,1,0
BRDA:91,3,0,1
BRDA:97,4,0,1
BRDA:97,4,1,0
BRDA:109,5,0,8
BRDA:117,6,0,1
BRDA:202,7,0,6
BRDA:202,7,1,6
BRDA:204,8,0,6
BRDA:204,8,1,6
BRF:15
BRH:11
end_of_record
TN:
SF:app\admin\availability\page.jsx
FN:8,Availability
FN:16,(anonymous_3)
FN:25,(anonymous_4)
FN:31,(anonymous_5)
FN:42,(anonymous_6)
FN:54,(anonymous_7)
FN:61,(anonymous_8)
FN:68,(anonymous_9)
FN:186,(anonymous_10)
FN:189,(anonymous_11)
FNF:10
FNH:2
FNDA:1,Availability
FNDA:1,(anonymous_3)
FNDA:0,(anonymous_4)
FNDA:0,(anonymous_5)
FNDA:0,(anonymous_6)
FNDA:0,(anonymous_7)
FNDA:0,(anonymous_8)
FNDA:0,(anonymous_9)
FNDA:0,(anonymous_10)
FNDA:0,(anonymous_11)
DA:2,1
DA:3,1
DA:4,1
DA:5,1
DA:6,1
DA:8,1
DA:9,1
DA:10,1
DA:11,1
DA:12,1
DA:13,1
DA:14,1
DA:16,1
DA:17,1
DA:18,1
DA:19,1
DA:20,1
DA:22,0
DA:25,1
DA:26,0
DA:27,0
DA:28,0
DA:31,1
DA:32,0
DA:33,0
DA:34,0
DA:39,0
DA:40,0
DA:42,0
DA:43,0
DA:45,0
DA:48,0
DA:50,0
DA:54,1
DA:55,0
DA:56,0
DA:58,0
DA:61,1
DA:62,0
DA:63,0
DA:65,0
DA:68,1
DA:69,0
DA:71,0
DA:72,0
DA:74,0
DA:75,0
DA:76,0
DA:77,0
DA:78,0
DA:79,0
DA:81,0
DA:89,0
DA:90,0
DA:91,0
DA:93,0
DA:96,0
DA:100,1
DA:108,0
DA:187,0
DA:189,0
LF:61
LH:23
BRDA:18,0,0,1
BRDA:39,1,0,0
BRDA:39,1,1,0
BRDA:69,2,0,0
BRDA:79,3,0,0
BRDA:79,3,1,0
BRDA:89,4,0,0
BRDA:89,4,1,0
BRDA:100,5,0,1
BRDA:108,6,0,0
BRDA:117,7,0,0
BRDA:117,7,1,0
BRDA:195,8,0,0
BRDA:197,9,0,0
BRDA:197,9,1,0
BRDA:226,10,0,0
BRDA:226,10,1,0
BRDA:247,11,0,0
BRDA:251,12,0,0
BRDA:251,12,1,0
BRDA:266,13,0,0
BRDA:266,13,1,0
BRDA:267,14,0,0
BRDA:267,14,1,0
BRDA:274,15,0,0
BRDA:274,15,1,0
BRF:26
BRH:2
end_of_record
TN:
SF:app\admin\configuraciones\page.jsx
FN:8,Configuraciones
FN:25,(anonymous_3)
FN:35,(anonymous_4)
FN:66,(anonymous_5)
FN:81,(anonymous_6)
FN:99,(anonymous_7)
FN:101,(anonymous_8)
FN:107,(anonymous_9)
FN:109,(anonymous_10)
FN:115,(anonymous_11)
FN:135,(anonymous_12)
FN:145,(anonymous_13)
FN:173,(anonymous_14)
FN:175,(anonymous_15)
FN:190,(anonymous_16)
FNF:15
FNH:15
FNDA:97,Configuraciones
FNDA:31,(anonymous_3)
FNDA:29,(anonymous_4)
FNDA:29,(anonymous_5)
FNDA:17,(anonymous_6)
FNDA:2,(anonymous_7)
FNDA:2,(anonymous_8)
FNDA:10,(anonymous_9)
FNDA:10,(anonymous_10)
FNDA:6,(anonymous_11)
FNDA:3,(anonymous_12)
FNDA:7,(anonymous_13)
FNDA:2,(anonymous_14)
FNDA:5,(anonymous_15)
FNDA:1,(anonymous_16)
DA:2,2
DA:3,2
DA:4,2
DA:5,2
DA:6,2
DA:8,31
DA:9,97
DA:10,97
DA:11,97
DA:12,97
DA:13,97
DA:17,97
DA:25,97
DA:26,31
DA:27,31
DA:28,2
DA:29,2
DA:31,29
DA:32,29
DA:35,97
DA:36,29
DA:37,29
DA:38,29
DA:39,1
DA:40,1
DA:41,1
DA:43,28
DA:48,25
DA:49,20
DA:50,20
DA:52,5
DA:53,5
DA:54,5
DA:55,1
DA:59,2
DA:60,2
DA:62,28
DA:66,97
DA:67,29
DA:68,29
DA:69,29
DA:70,1
DA:71,1
DA:72,1
DA:74,28
DA:79,27
DA:80,18
DA:81,18
DA:87,3
DA:88,3
DA:89,3
DA:90,1
DA:94,7
DA:95,7
DA:99,97
DA:100,2
DA:101,2
DA:107,97
DA:108,10
DA:109,10
DA:115,97
DA:116,6
DA:117,6
DA:118,6
DA:120,6
DA:121,6
DA:122,6
DA:131,5
DA:132,3
DA:133,3
DA:134,3
DA:135,3
DA:137,2
DA:138,2
DA:141,1
DA:145,97
DA:146,7
DA:147,7
DA:148,7
DA:150,7
DA:151,2
DA:152,2
DA:155,5
DA:156,5
DA:157,5
DA:171,5
DA:172,5
DA:173,5
DA:175,5
DA:182,0
DA:183,0
DA:186,0
DA:190,97
DA:191,1
DA:192,1
DA:193,1
DA:196,97
LF:97
LH:94
BRDA:27,0,0,2
BRDA:38,1,0,1
BRDA:48,2,0,20
BRDA:48,2,1,5
BRDA:53,3,0,5
BRDA:53,3,1,2
BRDA:54,4,0,1
BRDA:69,5,0,1
BRDA:79,6,0,18
BRDA:79,6,1,3
BRDA:88,7,0,3
BRDA:88,7,1,1
BRDA:89,8,0,1
BRDA:131,9,0,3
BRDA:131,9,1,2
BRDA:138,10,0,2
BRDA:138,10,1,1
BRDA:150,11,0,2
BRDA:150,12,0,7
BRDA:150,12,1,2
BRDA:171,13,0,5
BRDA:171,13,1,0
BRDA:183,14,0,0
BRDA:183,14,1,0
BRDA:196,15,0,32
BRDA:273,16,0,65
BRDA:278,17,0,65
BRF:27
BRH:24
end_of_record
TN:
SF:app\admin\habitaciones\page.jsx
FN:8,Habitaciones
FN:17,(anonymous_3)
FN:21,(anonymous_4)
FN:46,(anonymous_5)
FN:50,(anonymous_6)
FN:63,(anonymous_7)
FN:77,(anonymous_8)
FN:95,(anonymous_9)
FN:101,(anonymous_10)
FN:246,(anonymous_11)
FN:284,(anonymous_12)
FN:291,(anonymous_13)
FN:320,(anonymous_14)
FN:329,(anonymous_15)
FN:342,(anonymous_16)
FN:351,(anonymous_17)
FN:362,(anonymous_18)
FN:404,(anonymous_19)
FNF:18
FNH:12
FNDA:90,Habitaciones
FNDA:34,(anonymous_3)
FNDA:40,(anonymous_4)
FNDA:1,(anonymous_5)
FNDA:10,(anonymous_6)
FNDA:8,(anonymous_7)
FNDA:4,(anonymous_8)
FNDA:0,(anonymous_9)
FNDA:5,(anonymous_10)
FNDA:147,(anonymous_11)
FNDA:8,(anonymous_12)
FNDA:4,(anonymous_13)
FNDA:0,(anonymous_14)
FNDA:0,(anonymous_15)
FNDA:0,(anonymous_16)
FNDA:0,(anonymous_17)
FNDA:0,(anonymous_18)
FNDA:1,(anonymous_19)
DA:2,2
DA:3,2
DA:4,2
DA:5,2
DA:6,2
DA:8,34
DA:9,90
DA:10,90
DA:11,90
DA:12,90
DA:13,90
DA:14,90
DA:15,90
DA:17,90
DA:18,34
DA:21,90
DA:22,40
DA:23,40
DA:24,37
DA:25,34
DA:26,34
DA:28,3
DA:31,2
DA:33,39
DA:37,90
DA:46,90
DA:47,1
DA:50,90
DA:51,10
DA:52,10
DA:60,10
DA:63,90
DA:64,8
DA:65,8
DA:66,8
DA:74,8
DA:77,90
DA:78,4
DA:79,3
DA:80,3
DA:84,2
DA:85,1
DA:87,1
DA:90,1
DA:95,90
DA:96,0
DA:97,0
DA:101,90
DA:102,5
DA:103,5
DA:104,5
DA:108,5
DA:111,5
DA:112,5
DA:113,5
DA:114,5
DA:115,5
DA:116,5
DA:117,5
DA:118,0
DA:121,5
DA:126,5
DA:127,5
DA:128,5
DA:130,0
DA:131,0
DA:134,0
DA:138,90
DA:146,56
DA:247,147
DA:284,8
DA:291,4
DA:320,0
DA:329,0
DA:342,0
DA:351,0
DA:362,0
DA:404,1
LF:78
LH:67
BRDA:24,0,0,34
BRDA:24,0,1,3
BRDA:71,1,0,8
BRDA:71,1,1,2
BRDA:78,2,0,3
BRDA:84,3,0,1
BRDA:84,3,1,1
BRDA:96,4,0,0
BRDA:96,5,0,0
BRDA:96,5,1,0
BRDA:104,6,0,3
BRDA:104,6,1,2
BRDA:108,7,0,3
BRDA:108,7,1,2
BRDA:116,8,0,5
BRDA:116,8,1,3
BRDA:117,9,0,0
BRDA:126,10,0,5
BRDA:126,10,1,0
BRDA:131,11,0,0
BRDA:131,11,1,0
BRDA:131,12,0,0
BRDA:131,12,1,0
BRDA:138,13,0,34
BRDA:146,14,0,7
BRDA:250,15,0,98
BRDA:253,16,0,49
BRDA:253,16,1,49
BRDA:273,17,0,98
BRDA:273,17,1,49
BRDA:275,18,0,98
BRDA:275,18,1,49
BRDA:279,19,0,147
BRDA:279,19,1,98
BRDA:308,20,0,49
BRDA:312,21,0,10
BRDA:312,21,1,8
BRDA:370,22,0,18
BRDA:370,22,1,8
BRDA:370,22,2,8
BRDA:374,23,0,6
BRDA:374,23,1,1
BRDA:392,24,0,18
BRDA:397,25,0,18
BRDA:397,25,1,8
BRDA:397,25,2,8
BRDA:397,25,3,7
BRDA:413,26,0,10
BRDA:413,26,1,8
BRF:49
BRH:40
end_of_record
TN:
SF:app\admin\home\page.jsx
FN:10,AdminHome
FN:15,(anonymous_3)
FNF:2
FNH:1
FNDA:1,AdminHome
FNDA:0,(anonymous_3)
DA:2,1
DA:3,1
DA:4,1
DA:5,1
DA:6,1
DA:7,1
DA:8,1
DA:10,1
DA:11,1
DA:12,1
DA:13,1
DA:15,1
DA:16,0
DA:20,1
LF:14
LH:13
BRF:0
BRH:0
end_of_record
TN:
SF:app\admin\notificaciones\page.jsx
FN:8,Notificaciones
FN:36,(anonymous_3)
FN:40,(anonymous_4)
FN:42,(anonymous_5)
FN:46,(anonymous_6)
FN:47,(anonymous_7)
FN:122,(anonymous_8)
FN:128,(anonymous_9)
FN:139,(anonymous_10)
FNF:9
FNH:2
FNDA:1,Notificaciones
FNDA:0,(anonymous_3)
FNDA:0,(anonymous_4)
FNDA:0,(anonymous_5)
FNDA:0,(anonymous_6)
FNDA:0,(anonymous_7)
FNDA:3,(anonymous_8)
FNDA:0,(anonymous_9)
FNDA:0,(anonymous_10)
DA:2,1
DA:3,1
DA:4,1
DA:5,1
DA:6,1
DA:8,1
DA:9,1
DA:12,1
DA:36,1
DA:37,0
DA:40,1
DA:41,0
DA:42,0
DA:46,1
DA:47,0
DA:48,0
DA:123,3
DA:128,0
DA:140,0
DA:141,0
LF:20
LH:12
BRDA:41,0,0,0
BRDA:48,1,0,0
BRDA:48,1,1,0
BRDA:126,2,0,2
BRDA:126,2,1,1
BRF:5
BRH:2
end_of_record
TN:
SF:app\check-in\page.jsx
FN:10,CheckIn
FN:17,(anonymous_3)
FN:36,(anonymous_4)
FN:46,(anonymous_5)
FN:50,(anonymous_6)
FN:56,(anonymous_7)
FN:151,(anonymous_8)
FN:199,(anonymous_9)
FNF:8
FNH:3
FNDA:68,CheckIn
FNDA:2,(anonymous_3)
FNDA:0,(anonymous_4)
FNDA:2,(anonymous_5)
FNDA:0,(anonymous_6)
FNDA:0,(anonymous_7)
FNDA:0,(anonymous_8)
FNDA:0,(anonymous_9)
DA:2,2
DA:3,2
DA:4,2
DA:5,2
DA:6,2
DA:7,2
DA:8,2
DA:10,33
DA:11,68
DA:12,67
DA:13,67
DA:14,67
DA:15,67
DA:17,3
DA:18,2
DA:19,2
DA:20,2
DA:21,2
DA:22,2
DA:24,0
DA:30,0
DA:31,0
DA:33,0
DA:34,0
DA:36,0
DA:37,0
DA:39,0
DA:40,0
DA:42,2
DA:46,3
DA:47,2
DA:50,3
DA:51,0
DA:52,0
DA:53,0
DA:56,3
DA:57,0
DA:58,0
DA:59,0
DA:60,0
DA:61,0
DA:63,0
DA:71,0
DA:72,0
DA:74,0
DA:76,0
DA:78,0
DA:79,0
DA:152,0
DA:199,0
LF:50
LH:24
BRDA:20,0,0,2
BRDA:30,1,0,0
BRDA:36,2,0,0
BRDA:36,2,1,0
BRDA:59,3,0,0
BRDA:71,4,0,0
BRDA:140,5,0,1
BRDA:145,6,0,0
BRDA:156,7,0,0
BRDA:158,8,0,0
BRDA:158,8,1,0
BRDA:175,9,0,0
BRDA:197,10,0,0
BRF:13
BRH:2
end_of_record
TN:
SF:app\check-out\page.jsx
FN:10,CheckOut
FN:17,(anonymous_3)
FN:18,(anonymous_4)
FN:47,(anonymous_5)
FN:60,(anonymous_6)
FN:66,(anonymous_7)
FN:86,(anonymous_8)
FN:161,(anonymous_9)
FN:206,(anonymous_10)
FNF:9
FNH:3
FNDA:3,CheckOut
FNDA:2,(anonymous_3)
FNDA:2,(anonymous_4)
FNDA:0,(anonymous_5)
FNDA:0,(anonymous_6)
FNDA:0,(anonymous_7)
FNDA:0,(anonymous_8)
FNDA:0,(anonymous_9)
FNDA:0,(anonymous_10)
DA:2,1
DA:3,1
DA:4,1
DA:5,1
DA:6,1
DA:7,1
DA:8,1
DA:10,1
DA:11,3
DA:12,3
DA:13,3
DA:14,3
DA:15,3
DA:17,3
DA:18,2
DA:19,2
DA:20,2
DA:21,2
DA:22,2
DA:23,2
DA:26,0
DA:27,0
DA:28,0
DA:29,0
DA:30,0
DA:31,0
DA:32,0
DA:36,0
DA:42,0
DA:43,0
DA:45,0
DA:47,0
DA:48,0
DA:50,0
DA:51,0
DA:53,2
DA:57,2
DA:60,3
DA:61,0
DA:62,0
DA:63,0
DA:66,3
DA:67,0
DA:68,0
DA:69,0
DA:70,0
DA:71,0
DA:73,0
DA:81,0
DA:82,0
DA:84,0
DA:86,0
DA:88,0
DA:89,0
DA:162,0
DA:206,0
LF:56
LH:24
BRDA:21,0,0,2
BRDA:28,1,0,0
BRDA:28,2,0,0
BRDA:28,2,1,0
BRDA:42,3,0,0
BRDA:69,4,0,0
BRDA:81,5,0,0
BRDA:150,6,0,1
BRDA:155,7,0,0
BRDA:166,8,0,0
BRDA:168,9,0,0
BRDA:168,9,1,0
BRF:12
BRH:2
end_of_record
TN:
SF:app\configuraciones\page.jsx
FN:8,Configuraciones
FN:14,(anonymous_3)
FN:20,(anonymous_4)
FN:125,(anonymous_5)
FN:141,(anonymous_6)
FNF:5
FNH:1
FNDA:1,Configuraciones
FNDA:0,(anonymous_3)
FNDA:0,(anonymous_4)
FNDA:0,(anonymous_5)
FNDA:0,(anonymous_6)
DA:2,1
DA:3,1
DA:4,1
DA:5,1
DA:6,1
DA:8,1
DA:9,1
DA:10,1
DA:11,1
DA:12,1
DA:14,1
DA:15,0
DA:16,0
DA:17,0
DA:20,1
DA:22,0
DA:125,0
DA:141,0
LF:18
LH:12
BRF:0
BRH:0
end_of_record
TN:
SF:app\home\page.jsx
FN:12,Home
FN:25,(anonymous_3)
FN:29,(anonymous_4)
FN:30,(anonymous_5)
FN:76,(anonymous_6)
FN:78,(anonymous_7)
FN:95,(anonymous_8)
FN:98,(anonymous_9)
FN:99,(anonymous_10)
FN:112,(anonymous_11)
FN:114,(anonymous_12)
FN:117,(anonymous_13)
FN:129,(anonymous_14)
FN:162,(anonymous_15)
FN:241,(anonymous_16)
FN:263,(anonymous_17)
FN:325,(anonymous_18)
FN:337,(anonymous_19)
FNF:18
FNH:9
FNDA:3,Home
FNDA:1,(anonymous_3)
FNDA:2,(anonymous_4)
FNDA:2,(anonymous_5)
FNDA:1,(anonymous_6)
FNDA:1,(anonymous_7)
FNDA:1,(anonymous_8)
FNDA:2,(anonymous_9)
FNDA:2,(anonymous_10)
FNDA:0,(anonymous_11)
FNDA:0,(anonymous_12)
FNDA:0,(anonymous_13)
FNDA:0,(anonymous_14)
FNDA:0,(anonymous_15)
FNDA:0,(anonymous_16)
FNDA:0,(anonymous_17)
FNDA:0,(anonymous_18)
FNDA:0,(anonymous_19)
DA:2,1
DA:3,1
DA:4,1
DA:5,1
DA:6,1
DA:7,1
DA:8,1
DA:9,1
DA:10,1
DA:12,1
DA:13,3
DA:14,3
DA:15,3
DA:16,3
DA:17,3
DA:18,3
DA:19,3
DA:20,3
DA:21,3
DA:22,3
DA:23,3
DA:25,3
DA:26,1
DA:29,3
DA:30,2
DA:31,2
DA:32,2
DA:33,2
DA:34,2
DA:35,2
DA:39,0
DA:40,0
DA:43,0
DA:44,0
DA:45,0
DA:46,0
DA:47,0
DA:48,0
DA:49,0
DA:53,0
DA:59,0
DA:60,0
DA:63,0
DA:64,0
DA:66,0
DA:67,0
DA:68,0
DA:69,0
DA:73,2
DA:76,3
DA:78,1
DA:79,1
DA:80,1
DA:81,0
DA:82,1
DA:83,0
DA:85,1
DA:90,1
DA:93,1
DA:95,1
DA:98,3
DA:99,2
DA:100,2
DA:101,2
DA:102,2
DA:103,0
DA:109,0
DA:110,0
DA:112,0
DA:114,0
DA:115,0
DA:117,0
DA:118,0
DA:120,0
DA:121,0
DA:123,2
DA:126,2
DA:129,3
DA:130,0
DA:131,0
DA:132,0
DA:133,0
DA:135,0
DA:136,0
DA:137,0
DA:147,0
DA:148,0
DA:150,0
DA:154,3
DA:162,3
DA:163,0
DA:164,0
DA:165,0
DA:241,0
DA:264,0
DA:325,0
DA:337,0
LF:97
LH:50
BRDA:33,0,0,2
BRDA:44,1,0,0
BRDA:44,2,0,0
BRDA:44,2,1,0
BRDA:59,3,0,0
BRDA:64,4,0,0
BRDA:64,4,1,0
BRDA:64,4,2,0
BRDA:80,5,0,0
BRDA:80,5,1,1
BRDA:80,6,0,1
BRDA:80,6,1,1
BRDA:82,7,0,0
BRDA:82,7,1,1
BRDA:82,8,0,1
BRDA:82,8,1,1
BRDA:102,9,0,2
BRDA:109,10,0,0
BRDA:114,11,0,0
BRDA:114,11,1,0
BRDA:133,12,0,0
BRDA:136,13,0,0
BRDA:136,14,0,0
BRDA:136,14,1,0
BRDA:254,15,0,1
BRDA:256,16,0,2
BRDA:268,17,0,0
BRDA:270,18,0,0
BRDA:270,18,1,0
BRDA:301,19,0,0
BRDA:301,19,1,0
BRDA:314,20,0,0
BRDA:329,21,0,3
BRDA:331,22,0,0
BRDA:331,22,1,0
BRF:35
BRH:11
end_of_record
TN:
SF:app\login\page.jsx
FN:7,Login
FN:16,(anonymous_3)
FN:18,(anonymous_4)
FN:24,(anonymous_5)
FNF:4
FNH:4
FNDA:24,Login
FNDA:8,(anonymous_3)
FNDA:8,(anonymous_4)
FNDA:5,(anonymous_5)
DA:2,2
DA:3,2
DA:4,2
DA:5,2
DA:7,8
DA:8,24
DA:9,24
DA:13,24
DA:14,24
DA:16,24
DA:17,8
DA:18,8
DA:24,24
DA:25,5
DA:26,5
DA:27,5
DA:29,5
DA:30,5
DA:38,4
DA:40,3
DA:42,2
DA:43,2
DA:44,2
DA:45,2
DA:48,2
DA:49,0
DA:50,2
DA:51,0
DA:53,2
DA:56,1
DA:59,2
DA:61,5
LF:32
LH:30
BRDA:40,0,0,2
BRDA:40,0,1,1
BRDA:48,1,0,0
BRDA:48,1,1,2
BRDA:50,2,0,0
BRDA:50,2,1,2
BRDA:56,3,0,1
BRDA:56,3,1,1
BRDA:72,4,0,24
BRDA:112,5,0,5
BRDA:112,5,1,19
BRF:11
BRH:9
end_of_record
TN:
SF:app\notificaciones\page.jsx
FN:9,Notificaciones
FN:13,(anonymous_3)
FN:17,(anonymous_4)
FN:23,(anonymous_5)
FN:27,(anonymous_6)
FN:99,(anonymous_7)
FN:107,(anonymous_8)
FNF:7
FNH:2
FNDA:1,Notificaciones
FNDA:1,(anonymous_3)
FNDA:0,(anonymous_4)
FNDA:0,(anonymous_5)
FNDA:0,(anonymous_6)
FNDA:0,(anonymous_7)
FNDA:0,(anonymous_8)
DA:2,1
DA:3,1
DA:4,1
DA:5,1
DA:6,1
DA:7,1
DA:9,1
DA:10,1
DA:11,1
DA:13,1
DA:14,1
DA:17,1
DA:18,0
DA:19,0
DA:20,0
DA:23,1
DA:27,1
DA:100,0
DA:107,0
LF:19
LH:14
BRDA:96,0,0,1
BRDA:104,1,0,0
BRDA:104,1,1,0
BRDA:104,2,0,0
BRDA:104,2,1,0
BRDA:104,3,0,0
BRDA:104,3,1,0
BRF:7
BRH:1
end_of_record
TN:
SF:app\pagos\page.jsx
FN:9,Pagos
FN:23,(anonymous_3)
FN:24,(anonymous_4)
FN:57,(anonymous_5)
FN:63,(anonymous_6)
FN:71,(anonymous_7)
FN:106,(anonymous_8)
FN:264,(anonymous_9)
FN:278,(anonymous_10)
FN:281,(anonymous_11)
FN:288,(anonymous_12)
FN:293,(anonymous_13)
FN:297,(anonymous_14)
FN:302,(anonymous_15)
FNF:14
FNH:12
FNDA:53,Pagos
FNDA:13,(anonymous_3)
FNDA:13,(anonymous_4)
FNDA:1,(anonymous_5)
FNDA:1,(anonymous_6)
FNDA:1,(anonymous_7)
FNDA:2,(anonymous_8)
FNDA:2,(anonymous_9)
FNDA:1,(anonymous_10)
FNDA:0,(anonymous_11)
FNDA:16,(anonymous_12)
FNDA:5,(anonymous_13)
FNDA:3,(anonymous_14)
FNDA:0,(anonymous_15)
DA:2,2
DA:3,2
DA:4,2
DA:5,2
DA:6,2
DA:7,2
DA:9,12
DA:10,53
DA:11,53
DA:12,53
DA:13,53
DA:14,53
DA:15,53
DA:16,53
DA:17,53
DA:18,53
DA:19,53
DA:20,53
DA:21,53
DA:23,53
DA:24,13
DA:25,13
DA:26,13
DA:27,13
DA:28,3
DA:29,3
DA:32,10
DA:33,10
DA:34,10
DA:35,1
DA:36,1
DA:37,1
DA:38,1
DA:42,9
DA:43,9
DA:44,7
DA:47,1
DA:48,1
DA:50,13
DA:54,13
DA:57,53
DA:58,1
DA:59,1
DA:60,1
DA:63,53
DA:64,1
DA:65,1
DA:66,1
DA:67,1
DA:68,1
DA:71,53
DA:72,1
DA:73,1
DA:74,0
DA:75,0
DA:77,1
DA:78,1
DA:79,1
DA:80,1
DA:81,0
DA:82,0
DA:85,1
DA:93,1
DA:94,0
DA:97,1
DA:98,1
DA:99,1
DA:100,1
DA:102,0
DA:106,53
DA:107,2
DA:108,1
DA:111,1
DA:112,1
DA:113,1
DA:114,0
DA:115,0
DA:119,1
DA:130,1
DA:131,0
DA:135,1
DA:136,1
DA:137,1
DA:139,0
DA:140,0
DA:264,2
DA:278,1
DA:281,0
DA:288,16
DA:293,5
DA:297,3
DA:302,0
LF:92
LH:79
BRDA:27,0,0,3
BRDA:34,1,0,1
BRDA:34,2,0,10
BRDA:34,2,1,10
BRDA:43,3,0,7
BRDA:64,4,0,0
BRDA:65,5,0,0
BRDA:66,6,0,0
BRDA:67,7,0,0
BRDA:73,8,0,0
BRDA:80,9,0,0
BRDA:93,10,0,0
BRDA:102,11,0,0
BRDA:102,11,1,0
BRDA:107,12,0,1
BRDA:113,13,0,0
BRDA:130,14,0,0
BRDA:140,15,0,0
BRDA:140,15,1,0
BRDA:201,16,0,12
BRDA:206,17,0,1
BRDA:211,18,0,34
BRDA:274,19,0,34
BRDA:300,20,0,27
BRF:24
BRH:11
end_of_record
TN:
SF:app\register\page.jsx
FN:5,Register
FN:20,(anonymous_6)
FN:22,(anonymous_7)
FN:28,(anonymous_8)
FN:34,(anonymous_9)
FN:76,(anonymous_10)
FNF:6
FNH:5
FNDA:660,Register
FNDA:630,(anonymous_6)
FNDA:630,(anonymous_7)
FNDA:0,(anonymous_8)
FNDA:10,(anonymous_9)
FNDA:1,(anonymous_10)
DA:2,3
DA:3,3
DA:5,25
DA:6,660
DA:14,660
DA:15,660
DA:16,660
DA:17,660
DA:18,660
DA:20,660
DA:21,630
DA:22,630
DA:28,660
DA:29,0
DA:30,0
DA:34,660
DA:35,10
DA:37,10
DA:38,1
DA:39,1
DA:42,9
DA:43,9
DA:51,9
DA:59,8
DA:60,8
DA:64,8
DA:65,5
DA:66,5
DA:73,5
DA:74,5
DA:76,3
DA:77,3
DA:78,3
DA:81,1
DA:82,1
LF:35
LH:33
BRDA:29,0,0,0
BRDA:29,1,0,0
BRDA:29,1,1,0
BRDA:37,2,0,1
BRDA:64,3,0,5
BRDA:64,3,1,3
BRF:6
BRH:3
end_of_record
TN:
SF:app\reservar\page.jsx
FN:12,Reservar
FN:25,(anonymous_3)
FN:26,(anonymous_4)
FN:57,(anonymous_5)
FN:97,(anonymous_6)
FN:103,(anonymous_7)
FN:104,(anonymous_8)
FN:122,(anonymous_9)
FN:123,(anonymous_10)
FN:135,(anonymous_11)
FN:141,(anonymous_12)
FN:142,(anonymous_13)
FN:147,(anonymous_14)
FN:198,(anonymous_15)
FN:215,(anonymous_16)
FN:221,(anonymous_17)
FN:311,(anonymous_18)
FN:355,(anonymous_19)
FN:450,(anonymous_20)
FNF:19
FNH:6
FNDA:3,Reservar
FNDA:2,(anonymous_3)
FNDA:2,(anonymous_4)
FNDA:0,(anonymous_5)
FNDA:1,(anonymous_6)
FNDA:2,(anonymous_7)
FNDA:2,(anonymous_8)
FNDA:0,(anonymous_9)
FNDA:0,(anonymous_10)
FNDA:0,(anonymous_11)
FNDA:0,(anonymous_12)
FNDA:0,(anonymous_13)
FNDA:0,(anonymous_14)
FNDA:0,(anonymous_15)
FNDA:0,(anonymous_16)
FNDA:0,(anonymous_17)
FNDA:0,(anonymous_18)
FNDA:0,(anonymous_19)
FNDA:0,(anonymous_20)
DA:2,1
DA:3,1
DA:4,1
DA:5,1
DA:6,1
DA:7,1
DA:8,1
DA:9,1
DA:10,1
DA:12,1
DA:13,3
DA:14,3
DA:15,3
DA:16,3
DA:17,3
DA:18,3
DA:19,3
DA:20,3
DA:21,3
DA:22,3
DA:23,3
DA:25,3
DA:26,2
DA:27,2
DA:28,2
DA:29,2
DA:30,2
DA:31,2
DA:34,0
DA:35,0
DA:36,0
DA:37,0
DA:38,0
DA:39,0
DA:40,0
DA:44,0
DA:46,0
DA:47,0
DA:49,2
DA:53,2
DA:57,3
DA:58,0
DA:59,0
DA:60,0
DA:61,0
DA:62,0
DA:63,0
DA:67,0
DA:69,0
DA:70,0
DA:71,0
DA:72,0
DA:75,0
DA:81,0
DA:82,0
DA:85,0
DA:86,0
DA:87,0
DA:89,0
DA:90,0
DA:92,0
DA:97,3
DA:98,1
DA:99,0
DA:103,3
DA:104,2
DA:105,2
DA:106,2
DA:107,2
DA:108,2
DA:109,2
DA:111,0
DA:117,0
DA:118,0
DA:119,0
DA:121,0
DA:122,0
DA:123,0
DA:125,0
DA:127,0
DA:129,2
DA:132,2
DA:135,3
DA:136,0
DA:137,0
DA:138,0
DA:141,3
DA:142,0
DA:143,0
DA:144,0
DA:147,3
DA:148,0
DA:149,0
DA:150,0
DA:151,0
DA:152,0
DA:156,0
DA:170,0
DA:171,0
DA:172,0
DA:173,0
DA:174,0
DA:175,0
DA:177,0
DA:179,0
DA:182,0
DA:185,0
DA:198,0
DA:199,0
DA:202,0
DA:204,0
DA:207,0
DA:208,0
DA:210,0
DA:211,0
DA:215,3
DA:216,0
DA:217,0
DA:218,0
DA:221,3
DA:222,0
DA:223,0
DA:312,0
DA:355,0
DA:450,0
LF:125
LH:47
BRDA:29,0,0,2
BRDA:36,1,0,0
BRDA:36,2,0,0
BRDA:36,2,1,0
BRDA:57,3,0,0
BRDA:57,4,0,0
BRDA:60,5,0,0
BRDA:60,5,1,0
BRDA:61,6,0,0
BRDA:69,7,0,0
BRDA:69,8,0,0
BRDA:69,8,1,0
BRDA:69,8,2,0
BRDA:81,9,0,0
BRDA:98,10,0,0
BRDA:98,11,0,1
BRDA:98,11,1,1
BRDA:98,11,2,1
BRDA:107,12,0,2
BRDA:117,13,0,0
BRDA:125,14,0,0
BRDA:125,14,1,0
BRDA:150,15,0,0
BRDA:170,16,0,0
BRDA:173,17,0,0
BRDA:173,17,1,0
BRDA:173,18,0,0
BRDA:173,18,1,0
BRDA:175,19,0,0
BRDA:175,19,1,0
BRDA:211,20,0,0
BRDA:211,20,1,0
BRDA:216,21,0,0
BRDA:216,22,0,0
BRDA:216,22,1,0
BRDA:222,23,0,0
BRDA:283,24,0,1
BRDA:285,25,0,0
BRDA:291,26,0,0
BRDA:296,27,0,0
BRDA:302,28,0,2
BRDA:316,29,0,0
BRDA:318,30,0,0
BRDA:318,30,1,0
BRDA:347,31,0,0
BRDA:381,32,0,3
BRDA:381,32,1,0
BRDA:392,33,0,0
BRDA:394,34,0,0
BRDA:394,34,1,0
BRDA:417,35,0,0
BRF:51
BRH:8
end_of_record
TN:
SF:components\ClientProviders.jsx
FN:5,ClientProviders
FNF:1
FNH:1
FNDA:4,ClientProviders
DA:2,1
DA:3,1
DA:5,4
LF:3
LH:3
BRF:0
BRH:0
end_of_record
TN:
SF:components\NavItem.jsx
FN:6,(anonymous_2)
FNF:1
FNH:1
FNDA:3,(anonymous_2)
DA:3,1
DA:4,1
DA:6,1
DA:24,3
LF:4
LH:4
BRDA:10,0,0,1
BRDA:10,0,1,2
BRDA:15,1,0,1
BRDA:15,1,1,2
BRF:4
BRH:4
end_of_record
TN:
SF:components\NotificationContext.jsx
FN:9,NotificationProvider
FN:14,(anonymous_7)
FN:22,(anonymous_8)
FN:27,(anonymous_9)
FN:35,(anonymous_10)
FN:36,(anonymous_11)
FN:38,(anonymous_12)
FN:39,(anonymous_13)
FN:39,(anonymous_14)
FN:44,(anonymous_15)
FN:45,(anonymous_16)
FN:45,(anonymous_17)
FN:49,(anonymous_18)
FN:52,(anonymous_19)
FN:53,(anonymous_20)
FN:53,(anonymous_21)
FN:57,(anonymous_22)
FN:68,useNotification
FNF:18
FNH:18
FNDA:21,NotificationProvider
FNDA:9,(anonymous_7)
FNDA:20,(anonymous_8)
FNDA:10,(anonymous_9)
FNDA:10,(anonymous_10)
FNDA:10,(anonymous_11)
FNDA:1,(anonymous_12)
FNDA:1,(anonymous_13)
FNDA:1,(anonymous_14)
FNDA:1,(anonymous_15)
FNDA:1,(anonymous_16)
FNDA:2,(anonymous_17)
FNDA:14,(anonymous_18)
FNDA:1,(anonymous_19)
FNDA:1,(anonymous_20)
FNDA:1,(anonymous_21)
FNDA:1,(anonymous_22)
FNDA:85,useNotification
DA:3,2
DA:5,2
DA:7,2
DA:9,9
DA:10,21
DA:11,21
DA:14,21
DA:15,9
DA:16,9
DA:17,1
DA:22,21
DA:23,20
DA:27,21
DA:28,10
DA:35,10
DA:36,10
DA:38,10
DA:39,1
DA:44,21
DA:45,2
DA:49,21
DA:52,21
DA:53,1
DA:57,21
DA:58,1
DA:68,85
DA:69,85
LF:27
LH:27
BRDA:16,0,0,1
BRDA:27,1,0,0
BRF:2
BRH:1
end_of_record
TN:
SF:components\RoomCard.jsx
FN:6,(anonymous_2)
FNF:1
FNH:1
FNDA:1,(anonymous_2)
DA:3,1
DA:4,1
DA:6,1
DA:51,1
LF:4
LH:4
BRF:0
BRH:0
end_of_record
TN:
SF:components\Sidebar.jsx
FN:4,(anonymous_2)
FN:22,(anonymous_3)
FNF:2
FNH:2
FNDA:6,(anonymous_2)
FNDA:48,(anonymous_3)
DA:1,1
DA:2,1
DA:4,1
DA:5,6
DA:23,48
DA:41,6
LF:6
LH:6
BRDA:27,0,0,2
BRDA:27,0,1,46
BRF:2
BRH:2
end_of_record
TN:
SF:components\ToastNotification.jsx
FN:21,ToastNotification
FN:26,(anonymous_3)
FNF:2
FNH:2
FNDA:6,ToastNotification
FNDA:8,(anonymous_3)
DA:3,1
DA:4,1
DA:5,1
DA:7,1
DA:14,1
DA:21,6
DA:22,6
DA:27,8
LF:8
LH:8
BRDA:29,0,0,8
BRDA:29,0,1,1
BRDA:32,1,0,8
BRDA:32,1,1,1
BRF:4
BRH:4
end_of_record
